2025-02-28 20:31:54,117 - INFO - Chrome driver initialized successfully.
2025-02-28 20:31:57,419 - INFO - Navigated to https://summerofcode.withgoogle.com/programs/2025/organizations
2025-02-28 20:31:59,423 - INFO - Organization links loaded successfully.
2025-02-28 20:31:59,705 - INFO - Found 50 organizations on current page.
2025-02-28 20:32:04,075 - INFO - Organization links loaded successfully.
2025-02-28 20:32:04,367 - INFO - Found 50 organizations on current page.
2025-02-28 20:32:08,306 - INFO - Organization links loaded successfully.
2025-02-28 20:32:08,606 - INFO - Found 50 organizations on current page.
2025-02-28 20:32:11,859 - INFO - Organization links loaded successfully.
2025-02-28 20:32:12,075 - INFO - Found 35 organizations on current page.
2025-02-28 20:32:14,343 - INFO - Scraping organization: https://summerofcode.withgoogle.com/programs/2025/organizations/fedora-project
2025-02-28 20:32:15,738 - INFO - Scraping organization: https://summerofcode.withgoogle.com/programs/2025/organizations/processing-foundation
2025-02-28 20:32:17,012 - INFO - Scraping organization: https://summerofcode.withgoogle.com/programs/2025/organizations/sqlancer
2025-02-28 20:32:18,796 - INFO - Scraping organization: https://summerofcode.withgoogle.com/programs/2025/organizations/machine-learning-for-science-ml4sci
2025-02-28 20:32:19,999 - WARNING - Contributor Guidance not found on https://summerofcode.withgoogle.com/programs/2025/organizations/machine-learning-for-science-ml4sci: Message: no such element: Unable to locate element: {"method":"xpath","selector":"//div[contains(@class, 'title') and contains(text(), 'Contributor Guidance')]/following-sibling::div[contains(@class, 'link-wrapper')]//a"}
  (Session info: chrome=133.0.6943.142); For documentation on this error, please visit: https://www.selenium.dev/documentation/webdriver/troubleshooting/errors#no-such-element-exception
Stacktrace:
0   chromedriver                        0x0000000102cf42d4 cxxbridge1$str$ptr + 2739836
1   chromedriver                        0x0000000102cec934 cxxbridge1$str$ptr + 2708700
2   chromedriver                        0x000000010284df90 cxxbridge1$string$len + 93360
3   chromedriver                        0x0000000102894de4 cxxbridge1$string$len + 383748
4   chromedriver                        0x00000001028d5e80 cxxbridge1$string$len + 650144
5   chromedriver                        0x0000000102889060 cxxbridge1$string$len + 335232
6   chromedriver                        0x0000000102cbcc38 cxxbridge1$str$ptr + 2512864
7   chromedriver                        0x0000000102cbff58 cxxbridge1$str$ptr + 2525952
8   chromedriver                        0x0000000102ca2578 cxxbridge1$str$ptr + 2404640
9   chromedriver                        0x0000000102cc0818 cxxbridge1$str$ptr + 2528192
10  chromedriver                        0x0000000102c92f2c cxxbridge1$str$ptr + 2341588
11  chromedriver                        0x0000000102cdca60 cxxbridge1$str$ptr + 2643464
12  chromedriver                        0x0000000102cdcbe8 cxxbridge1$str$ptr + 2643856
13  chromedriver                        0x0000000102cec5a8 cxxbridge1$str$ptr + 2707792
14  libsystem_pthread.dylib             0x0000000192bd72e4 _pthread_start + 136
15  libsystem_pthread.dylib             0x0000000192bd20fc thread_start + 8

2025-02-28 20:32:20,027 - INFO - Scraping organization: https://summerofcode.withgoogle.com/programs/2025/organizations/openastronomy
2025-02-28 20:32:21,185 - INFO - Scraping organization: https://summerofcode.withgoogle.com/programs/2025/organizations/pecan-project
2025-02-28 20:32:22,313 - INFO - Scraping organization: https://summerofcode.withgoogle.com/programs/2025/organizations/django-software-foundation-8o
2025-02-28 20:32:23,451 - INFO - Scraping organization: https://summerofcode.withgoogle.com/programs/2025/organizations/52north-spatial-information-research-gmbh
2025-02-28 20:32:24,583 - INFO - Scraping organization: https://summerofcode.withgoogle.com/programs/2025/organizations/jitsi
2025-02-28 20:32:25,703 - INFO - Scraping organization: https://summerofcode.withgoogle.com/programs/2025/organizations/the-ns-3-network-simulator-project
2025-02-28 20:32:26,810 - INFO - Scraping organization: https://summerofcode.withgoogle.com/programs/2025/organizations/deepchem
2025-02-28 20:32:28,034 - INFO - Scraping organization: https://summerofcode.withgoogle.com/programs/2025/organizations/center-for-translational-data-science
2025-02-28 20:32:29,215 - WARNING - Contributor Guidance not found on https://summerofcode.withgoogle.com/programs/2025/organizations/center-for-translational-data-science: Message: no such element: Unable to locate element: {"method":"xpath","selector":"//div[contains(@class, 'title') and contains(text(), 'Contributor Guidance')]/following-sibling::div[contains(@class, 'link-wrapper')]//a"}
  (Session info: chrome=133.0.6943.142); For documentation on this error, please visit: https://www.selenium.dev/documentation/webdriver/troubleshooting/errors#no-such-element-exception
Stacktrace:
0   chromedriver                        0x0000000102cf42d4 cxxbridge1$str$ptr + 2739836
1   chromedriver                        0x0000000102cec934 cxxbridge1$str$ptr + 2708700
2   chromedriver                        0x000000010284df90 cxxbridge1$string$len + 93360
3   chromedriver                        0x0000000102894de4 cxxbridge1$string$len + 383748
4   chromedriver                        0x00000001028d5e80 cxxbridge1$string$len + 650144
5   chromedriver                        0x0000000102889060 cxxbridge1$string$len + 335232
6   chromedriver                        0x0000000102cbcc38 cxxbridge1$str$ptr + 2512864
7   chromedriver                        0x0000000102cbff58 cxxbridge1$str$ptr + 2525952
8   chromedriver                        0x0000000102ca2578 cxxbridge1$str$ptr + 2404640
9   chromedriver                        0x0000000102cc0818 cxxbridge1$str$ptr + 2528192
10  chromedriver                        0x0000000102c92f2c cxxbridge1$str$ptr + 2341588
11  chromedriver                        0x0000000102cdca60 cxxbridge1$str$ptr + 2643464
12  chromedriver                        0x0000000102cdcbe8 cxxbridge1$str$ptr + 2643856
13  chromedriver                        0x0000000102cec5a8 cxxbridge1$str$ptr + 2707792
14  libsystem_pthread.dylib             0x0000000192bd72e4 _pthread_start + 136
15  libsystem_pthread.dylib             0x0000000192bd20fc thread_start + 8

2025-02-28 20:32:29,244 - INFO - Scraping organization: https://summerofcode.withgoogle.com/programs/2025/organizations/alaska
2025-02-28 20:32:30,373 - INFO - Scraping organization: https://summerofcode.withgoogle.com/programs/2025/organizations/micro-electronics-research-lab-uitu
2025-02-28 20:32:32,077 - INFO - Scraping organization: https://summerofcode.withgoogle.com/programs/2025/organizations/gnu-image-manipulation-program
2025-02-28 20:32:33,231 - INFO - Scraping organization: https://summerofcode.withgoogle.com/programs/2025/organizations/r-project-for-statistical-computing
2025-02-28 20:32:34,364 - INFO - Scraping organization: https://summerofcode.withgoogle.com/programs/2025/organizations/rspamd
2025-02-28 20:32:35,503 - INFO - Scraping organization: https://summerofcode.withgoogle.com/programs/2025/organizations/the-jpf-team-hg
2025-02-28 20:32:37,246 - INFO - Scraping organization: https://summerofcode.withgoogle.com/programs/2025/organizations/wagtail
2025-02-28 20:32:39,192 - INFO - Scraping organization: https://summerofcode.withgoogle.com/programs/2025/organizations/scala-center
2025-02-28 20:32:40,305 - WARNING - Contributor Guidance not found on https://summerofcode.withgoogle.com/programs/2025/organizations/scala-center: Message: no such element: Unable to locate element: {"method":"xpath","selector":"//div[contains(@class, 'title') and contains(text(), 'Contributor Guidance')]/following-sibling::div[contains(@class, 'link-wrapper')]//a"}
  (Session info: chrome=133.0.6943.142); For documentation on this error, please visit: https://www.selenium.dev/documentation/webdriver/troubleshooting/errors#no-such-element-exception
Stacktrace:
0   chromedriver                        0x0000000102cf42d4 cxxbridge1$str$ptr + 2739836
1   chromedriver                        0x0000000102cec934 cxxbridge1$str$ptr + 2708700
2   chromedriver                        0x000000010284df90 cxxbridge1$string$len + 93360
3   chromedriver                        0x0000000102894de4 cxxbridge1$string$len + 383748
4   chromedriver                        0x00000001028d5e80 cxxbridge1$string$len + 650144
5   chromedriver                        0x0000000102889060 cxxbridge1$string$len + 335232
6   chromedriver                        0x0000000102cbcc38 cxxbridge1$str$ptr + 2512864
7   chromedriver                        0x0000000102cbff58 cxxbridge1$str$ptr + 2525952
8   chromedriver                        0x0000000102ca2578 cxxbridge1$str$ptr + 2404640
9   chromedriver                        0x0000000102cc0818 cxxbridge1$str$ptr + 2528192
10  chromedriver                        0x0000000102c92f2c cxxbridge1$str$ptr + 2341588
11  chromedriver                        0x0000000102cdca60 cxxbridge1$str$ptr + 2643464
12  chromedriver                        0x0000000102cdcbe8 cxxbridge1$str$ptr + 2643856
13  chromedriver                        0x0000000102cec5a8 cxxbridge1$str$ptr + 2707792
14  libsystem_pthread.dylib             0x0000000192bd72e4 _pthread_start + 136
15  libsystem_pthread.dylib             0x0000000192bd20fc thread_start + 8

2025-02-28 20:32:40,334 - INFO - Scraping organization: https://summerofcode.withgoogle.com/programs/2025/organizations/waycrate
2025-02-28 20:32:41,504 - INFO - Scraping organization: https://summerofcode.withgoogle.com/programs/2025/organizations/llvm-compiler-infrastructure
2025-02-28 20:32:42,695 - INFO - Scraping organization: https://summerofcode.withgoogle.com/programs/2025/organizations/aflplusplus
2025-02-28 20:32:43,942 - INFO - Scraping organization: https://summerofcode.withgoogle.com/programs/2025/organizations/qc-devs
2025-02-28 20:32:45,063 - INFO - Scraping organization: https://summerofcode.withgoogle.com/programs/2025/organizations/incf
2025-02-28 20:32:46,713 - INFO - Scraping organization: https://summerofcode.withgoogle.com/programs/2025/organizations/circuitverseorg
2025-02-28 20:32:47,820 - INFO - Scraping organization: https://summerofcode.withgoogle.com/programs/2025/organizations/mixxx
2025-02-28 20:32:48,953 - INFO - Scraping organization: https://summerofcode.withgoogle.com/programs/2025/organizations/blender-foundation
2025-02-28 20:32:50,170 - INFO - Scraping organization: https://summerofcode.withgoogle.com/programs/2025/organizations/checkstyle
2025-02-28 20:32:51,312 - INFO - Scraping organization: https://summerofcode.withgoogle.com/programs/2025/organizations/department-of-biomedical-informatics-emory-university
2025-02-28 20:32:52,426 - INFO - Scraping organization: https://summerofcode.withgoogle.com/programs/2025/organizations/google-deepmind-sq
2025-02-28 20:32:53,519 - WARNING - Contributor Guidance not found on https://summerofcode.withgoogle.com/programs/2025/organizations/google-deepmind-sq: Message: no such element: Unable to locate element: {"method":"xpath","selector":"//div[contains(@class, 'title') and contains(text(), 'Contributor Guidance')]/following-sibling::div[contains(@class, 'link-wrapper')]//a"}
  (Session info: chrome=133.0.6943.142); For documentation on this error, please visit: https://www.selenium.dev/documentation/webdriver/troubleshooting/errors#no-such-element-exception
Stacktrace:
0   chromedriver                        0x0000000102cf42d4 cxxbridge1$str$ptr + 2739836
1   chromedriver                        0x0000000102cec934 cxxbridge1$str$ptr + 2708700
2   chromedriver                        0x000000010284df90 cxxbridge1$string$len + 93360
3   chromedriver                        0x0000000102894de4 cxxbridge1$string$len + 383748
4   chromedriver                        0x00000001028d5e80 cxxbridge1$string$len + 650144
5   chromedriver                        0x0000000102889060 cxxbridge1$string$len + 335232
6   chromedriver                        0x0000000102cbcc38 cxxbridge1$str$ptr + 2512864
7   chromedriver                        0x0000000102cbff58 cxxbridge1$str$ptr + 2525952
8   chromedriver                        0x0000000102ca2578 cxxbridge1$str$ptr + 2404640
9   chromedriver                        0x0000000102cc0818 cxxbridge1$str$ptr + 2528192
10  chromedriver                        0x0000000102c92f2c cxxbridge1$str$ptr + 2341588
11  chromedriver                        0x0000000102cdca60 cxxbridge1$str$ptr + 2643464
12  chromedriver                        0x0000000102cdcbe8 cxxbridge1$str$ptr + 2643856
13  chromedriver                        0x0000000102cec5a8 cxxbridge1$str$ptr + 2707792
14  libsystem_pthread.dylib             0x0000000192bd72e4 _pthread_start + 136
15  libsystem_pthread.dylib             0x0000000192bd20fc thread_start + 8

2025-02-28 20:32:53,546 - INFO - Scraping organization: https://summerofcode.withgoogle.com/programs/2025/organizations/omegaup
2025-02-28 20:32:54,676 - INFO - Scraping organization: https://summerofcode.withgoogle.com/programs/2025/organizations/prometheus-operator
2025-02-28 20:32:55,747 - WARNING - Contributor Guidance not found on https://summerofcode.withgoogle.com/programs/2025/organizations/prometheus-operator: Message: no such element: Unable to locate element: {"method":"xpath","selector":"//div[contains(@class, 'title') and contains(text(), 'Contributor Guidance')]/following-sibling::div[contains(@class, 'link-wrapper')]//a"}
  (Session info: chrome=133.0.6943.142); For documentation on this error, please visit: https://www.selenium.dev/documentation/webdriver/troubleshooting/errors#no-such-element-exception
Stacktrace:
0   chromedriver                        0x0000000102cf42d4 cxxbridge1$str$ptr + 2739836
1   chromedriver                        0x0000000102cec934 cxxbridge1$str$ptr + 2708700
2   chromedriver                        0x000000010284df90 cxxbridge1$string$len + 93360
3   chromedriver                        0x0000000102894de4 cxxbridge1$string$len + 383748
4   chromedriver                        0x00000001028d5e80 cxxbridge1$string$len + 650144
5   chromedriver                        0x0000000102889060 cxxbridge1$string$len + 335232
6   chromedriver                        0x0000000102cbcc38 cxxbridge1$str$ptr + 2512864
7   chromedriver                        0x0000000102cbff58 cxxbridge1$str$ptr + 2525952
8   chromedriver                        0x0000000102ca2578 cxxbridge1$str$ptr + 2404640
9   chromedriver                        0x0000000102cc0818 cxxbridge1$str$ptr + 2528192
10  chromedriver                        0x0000000102c92f2c cxxbridge1$str$ptr + 2341588
11  chromedriver                        0x0000000102cdca60 cxxbridge1$str$ptr + 2643464
12  chromedriver                        0x0000000102cdcbe8 cxxbridge1$str$ptr + 2643856
13  chromedriver                        0x0000000102cec5a8 cxxbridge1$str$ptr + 2707792
14  libsystem_pthread.dylib             0x0000000192bd72e4 _pthread_start + 136
15  libsystem_pthread.dylib             0x0000000192bd20fc thread_start + 8

2025-02-28 20:32:55,774 - INFO - Scraping organization: https://summerofcode.withgoogle.com/programs/2025/organizations/jderobot
2025-02-28 20:32:57,087 - INFO - Scraping organization: https://summerofcode.withgoogle.com/programs/2025/organizations/openms
2025-02-28 20:32:58,964 - INFO - Scraping organization: https://summerofcode.withgoogle.com/programs/2025/organizations/criu
2025-02-28 20:33:00,153 - INFO - Scraping organization: https://summerofcode.withgoogle.com/programs/2025/organizations/ccextractor-development
2025-02-28 20:33:01,259 - INFO - Scraping organization: https://summerofcode.withgoogle.com/programs/2025/organizations/cloudcv
2025-02-28 20:33:02,379 - INFO - Scraping organization: https://summerofcode.withgoogle.com/programs/2025/organizations/pharo-consortium
2025-02-28 20:33:03,503 - INFO - Scraping organization: https://summerofcode.withgoogle.com/programs/2025/organizations/openstreetmap
2025-02-28 20:33:04,911 - INFO - Scraping organization: https://summerofcode.withgoogle.com/programs/2025/organizations/aboutcode
2025-02-28 20:33:06,086 - INFO - Scraping organization: https://summerofcode.withgoogle.com/programs/2025/organizations/opensuse-project
2025-02-28 20:33:07,200 - INFO - Scraping organization: https://summerofcode.withgoogle.com/programs/2025/organizations/pal-robotics
2025-02-28 20:33:08,320 - INFO - Scraping organization: https://summerofcode.withgoogle.com/programs/2025/organizations/the-linux-foundation
2025-02-28 20:33:09,435 - INFO - Scraping organization: https://summerofcode.withgoogle.com/programs/2025/organizations/apache-software-foundation
2025-02-28 20:33:10,572 - INFO - Scraping organization: https://summerofcode.withgoogle.com/programs/2025/organizations/jenkins-wp
2025-02-28 20:33:11,870 - INFO - Scraping organization: https://summerofcode.withgoogle.com/programs/2025/organizations/open-science-initiative-for-perfusion-imaging
2025-02-28 20:33:13,099 - INFO - Scraping organization: https://summerofcode.withgoogle.com/programs/2025/organizations/cbioportal-for-cancer-genomics
2025-02-28 20:33:14,250 - INFO - Scraping organization: https://summerofcode.withgoogle.com/programs/2025/organizations/eclipse-foundation
2025-02-28 20:33:15,396 - INFO - Scraping organization: https://summerofcode.withgoogle.com/programs/2025/organizations/national-resource-for-network-biology-nrnb
2025-02-28 20:33:16,514 - INFO - Scraping organization: https://summerofcode.withgoogle.com/programs/2025/organizations/scummvm
2025-02-28 20:33:17,644 - INFO - Scraping organization: https://summerofcode.withgoogle.com/programs/2025/organizations/the-honeynet-project
2025-02-28 20:33:18,872 - INFO - Scraping organization: https://summerofcode.withgoogle.com/programs/2025/organizations/joomla
2025-02-28 20:33:20,105 - INFO - Scraping organization: https://summerofcode.withgoogle.com/programs/2025/organizations/liquid-galaxy-project
2025-02-28 20:33:21,389 - INFO - Scraping organization: https://summerofcode.withgoogle.com/programs/2025/organizations/the-p4-language-consortium
2025-02-28 20:33:22,750 - INFO - Scraping organization: https://summerofcode.withgoogle.com/programs/2025/organizations/libreoffice
2025-02-28 20:33:24,122 - INFO - Scraping organization: https://summerofcode.withgoogle.com/programs/2025/organizations/git
2025-02-28 20:33:25,682 - INFO - Scraping organization: https://summerofcode.withgoogle.com/programs/2025/organizations/mariadb
2025-02-28 20:33:27,124 - INFO - Scraping organization: https://summerofcode.withgoogle.com/programs/2025/organizations/gitlab
2025-02-28 20:33:28,312 - INFO - Scraping organization: https://summerofcode.withgoogle.com/programs/2025/organizations/gnome-foundation
2025-02-28 20:33:29,589 - INFO - Scraping organization: https://summerofcode.withgoogle.com/programs/2025/organizations/inkscape
2025-02-28 20:33:30,774 - INFO - Scraping organization: https://summerofcode.withgoogle.com/programs/2025/organizations/project-mesa
2025-02-28 20:33:32,006 - INFO - Scraping organization: https://summerofcode.withgoogle.com/programs/2025/organizations/jabref-ev
2025-02-28 20:33:33,163 - INFO - Scraping organization: https://summerofcode.withgoogle.com/programs/2025/organizations/data-for-the-common-good
2025-02-28 20:33:34,295 - INFO - Scraping organization: https://summerofcode.withgoogle.com/programs/2025/organizations/gnu-compiler-collection-gcc
2025-02-28 20:33:35,470 - INFO - Scraping organization: https://summerofcode.withgoogle.com/programs/2025/organizations/mdanalysis
2025-02-28 20:33:36,629 - INFO - Scraping organization: https://summerofcode.withgoogle.com/programs/2025/organizations/open-transit-software-foundation
2025-02-28 20:33:37,802 - INFO - Scraping organization: https://summerofcode.withgoogle.com/programs/2025/organizations/webpack
2025-02-28 20:33:39,068 - INFO - Scraping organization: https://summerofcode.withgoogle.com/programs/2025/organizations/rizin
2025-02-28 20:33:40,196 - INFO - Scraping organization: https://summerofcode.withgoogle.com/programs/2025/organizations/python-software-foundation
2025-02-28 20:33:41,320 - INFO - Scraping organization: https://summerofcode.withgoogle.com/programs/2025/organizations/the-mifos-initiative
2025-02-28 20:33:42,458 - INFO - Scraping organization: https://summerofcode.withgoogle.com/programs/2025/organizations/fortran-lang
2025-02-28 20:33:43,619 - INFO - Scraping organization: https://summerofcode.withgoogle.com/programs/2025/organizations/international-catrobat-association
2025-02-28 20:33:44,724 - INFO - Scraping organization: https://summerofcode.withgoogle.com/programs/2025/organizations/the-tor-project
2025-02-28 20:33:45,884 - INFO - Scraping organization: https://summerofcode.withgoogle.com/programs/2025/organizations/organic-maps
2025-02-28 20:33:47,042 - INFO - Scraping organization: https://summerofcode.withgoogle.com/programs/2025/organizations/open-robotics
2025-02-28 20:33:48,210 - INFO - Scraping organization: https://summerofcode.withgoogle.com/programs/2025/organizations/synfig
2025-02-28 20:33:49,342 - INFO - Scraping organization: https://summerofcode.withgoogle.com/programs/2025/organizations/postgresql
2025-02-28 20:33:50,550 - INFO - Scraping organization: https://summerofcode.withgoogle.com/programs/2025/organizations/swift
2025-02-28 20:33:51,749 - INFO - Scraping organization: https://summerofcode.withgoogle.com/programs/2025/organizations/freecad
2025-02-28 20:33:52,888 - INFO - Scraping organization: https://summerofcode.withgoogle.com/programs/2025/organizations/haskellorg
2025-02-28 20:33:54,061 - INFO - Scraping organization: https://summerofcode.withgoogle.com/programs/2025/organizations/uc-ospo
2025-02-28 20:33:55,206 - INFO - Scraping organization: https://summerofcode.withgoogle.com/programs/2025/organizations/learning-equality
2025-02-28 20:33:56,342 - INFO - Scraping organization: https://summerofcode.withgoogle.com/programs/2025/organizations/sympy
2025-02-28 20:33:57,534 - INFO - Scraping organization: https://summerofcode.withgoogle.com/programs/2025/organizations/openvino-toolkit
2025-02-28 20:33:58,602 - INFO - Scraping organization: https://summerofcode.withgoogle.com/programs/2025/organizations/st-jude-childrens-research-hospital-ai
2025-02-28 20:33:59,771 - INFO - Scraping organization: https://summerofcode.withgoogle.com/programs/2025/organizations/kubevirt
2025-02-28 20:34:01,016 - INFO - Scraping organization: https://summerofcode.withgoogle.com/programs/2025/organizations/neovim
2025-02-28 20:34:02,154 - INFO - Scraping organization: https://summerofcode.withgoogle.com/programs/2025/organizations/flare
2025-02-28 20:34:03,299 - INFO - Scraping organization: https://summerofcode.withgoogle.com/programs/2025/organizations/apache-datafusion
2025-02-28 20:34:04,473 - INFO - Scraping organization: https://summerofcode.withgoogle.com/programs/2025/organizations/geomscale
2025-02-28 20:34:05,651 - INFO - Scraping organization: https://summerofcode.withgoogle.com/programs/2025/organizations/wellcome-sanger-institute
2025-02-28 20:34:06,779 - INFO - Scraping organization: https://summerofcode.withgoogle.com/programs/2025/organizations/the-freebsd-project
2025-02-28 20:34:07,880 - INFO - Scraping organization: https://summerofcode.withgoogle.com/programs/2025/organizations/gnu-radio
2025-02-28 20:34:09,057 - INFO - Scraping organization: https://summerofcode.withgoogle.com/programs/2025/organizations/free-and-open-source-silicon-foundation
2025-02-28 20:34:10,202 - INFO - Scraping organization: https://summerofcode.withgoogle.com/programs/2025/organizations/the-netbsd-foundation
2025-02-28 20:34:11,334 - INFO - Scraping organization: https://summerofcode.withgoogle.com/programs/2025/organizations/chaoss
2025-02-28 20:34:12,505 - INFO - Scraping organization: https://summerofcode.withgoogle.com/programs/2025/organizations/checker-framework
2025-02-28 20:34:13,654 - INFO - Scraping organization: https://summerofcode.withgoogle.com/programs/2025/organizations/zendalona
2025-02-28 20:34:14,784 - INFO - Scraping organization: https://summerofcode.withgoogle.com/programs/2025/organizations/the-rust-foundation
2025-02-28 20:34:15,913 - INFO - Scraping organization: https://summerofcode.withgoogle.com/programs/2025/organizations/gprmax
2025-02-28 20:34:17,169 - INFO - Scraping organization: https://summerofcode.withgoogle.com/programs/2025/organizations/accord-project
2025-02-28 20:34:18,414 - INFO - Scraping organization: https://summerofcode.withgoogle.com/programs/2025/organizations/tardis-rt-collaboration
2025-02-28 20:34:19,553 - INFO - Scraping organization: https://summerofcode.withgoogle.com/programs/2025/organizations/ceph
2025-02-28 20:34:20,674 - INFO - Scraping organization: https://summerofcode.withgoogle.com/programs/2025/organizations/kubeflow
2025-02-28 20:34:21,812 - WARNING - Contributor Guidance not found on https://summerofcode.withgoogle.com/programs/2025/organizations/kubeflow: Message: no such element: Unable to locate element: {"method":"xpath","selector":"//div[contains(@class, 'title') and contains(text(), 'Contributor Guidance')]/following-sibling::div[contains(@class, 'link-wrapper')]//a"}
  (Session info: chrome=133.0.6943.142); For documentation on this error, please visit: https://www.selenium.dev/documentation/webdriver/troubleshooting/errors#no-such-element-exception
Stacktrace:
0   chromedriver                        0x0000000102cf42d4 cxxbridge1$str$ptr + 2739836
1   chromedriver                        0x0000000102cec934 cxxbridge1$str$ptr + 2708700
2   chromedriver                        0x000000010284df90 cxxbridge1$string$len + 93360
3   chromedriver                        0x0000000102894de4 cxxbridge1$string$len + 383748
4   chromedriver                        0x00000001028d5e80 cxxbridge1$string$len + 650144
5   chromedriver                        0x0000000102889060 cxxbridge1$string$len + 335232
6   chromedriver                        0x0000000102cbcc38 cxxbridge1$str$ptr + 2512864
7   chromedriver                        0x0000000102cbff58 cxxbridge1$str$ptr + 2525952
8   chromedriver                        0x0000000102ca2578 cxxbridge1$str$ptr + 2404640
9   chromedriver                        0x0000000102cc0818 cxxbridge1$str$ptr + 2528192
10  chromedriver                        0x0000000102c92f2c cxxbridge1$str$ptr + 2341588
11  chromedriver                        0x0000000102cdca60 cxxbridge1$str$ptr + 2643464
12  chromedriver                        0x0000000102cdcbe8 cxxbridge1$str$ptr + 2643856
13  chromedriver                        0x0000000102cec5a8 cxxbridge1$str$ptr + 2707792
14  libsystem_pthread.dylib             0x0000000192bd72e4 _pthread_start + 136
15  libsystem_pthread.dylib             0x0000000192bd20fc thread_start + 8

2025-02-28 20:34:21,844 - INFO - Scraping organization: https://summerofcode.withgoogle.com/programs/2025/organizations/libssh
2025-02-28 20:34:23,115 - INFO - Scraping organization: https://summerofcode.withgoogle.com/programs/2025/organizations/kde-community
2025-02-28 20:34:24,260 - INFO - Scraping organization: https://summerofcode.withgoogle.com/programs/2025/organizations/mbdyn
2025-02-28 20:34:25,366 - INFO - Scraping organization: https://summerofcode.withgoogle.com/programs/2025/organizations/api-dash
2025-02-28 20:34:26,519 - INFO - Scraping organization: https://summerofcode.withgoogle.com/programs/2025/organizations/grame
2025-02-28 20:34:27,669 - INFO - Scraping organization: https://summerofcode.withgoogle.com/programs/2025/organizations/dbpedia
2025-02-28 20:34:28,814 - INFO - Scraping organization: https://summerofcode.withgoogle.com/programs/2025/organizations/rtems-project
2025-02-28 20:34:30,182 - INFO - Scraping organization: https://summerofcode.withgoogle.com/programs/2025/organizations/fossology
2025-02-28 20:34:31,468 - WARNING - Contributor Guidance not found on https://summerofcode.withgoogle.com/programs/2025/organizations/fossology: Message: no such element: Unable to locate element: {"method":"xpath","selector":"//div[contains(@class, 'title') and contains(text(), 'Contributor Guidance')]/following-sibling::div[contains(@class, 'link-wrapper')]//a"}
  (Session info: chrome=133.0.6943.142); For documentation on this error, please visit: https://www.selenium.dev/documentation/webdriver/troubleshooting/errors#no-such-element-exception
Stacktrace:
0   chromedriver                        0x0000000102cf42d4 cxxbridge1$str$ptr + 2739836
1   chromedriver                        0x0000000102cec934 cxxbridge1$str$ptr + 2708700
2   chromedriver                        0x000000010284df90 cxxbridge1$string$len + 93360
3   chromedriver                        0x0000000102894de4 cxxbridge1$string$len + 383748
4   chromedriver                        0x00000001028d5e80 cxxbridge1$string$len + 650144
5   chromedriver                        0x0000000102889060 cxxbridge1$string$len + 335232
6   chromedriver                        0x0000000102cbcc38 cxxbridge1$str$ptr + 2512864
7   chromedriver                        0x0000000102cbff58 cxxbridge1$str$ptr + 2525952
8   chromedriver                        0x0000000102ca2578 cxxbridge1$str$ptr + 2404640
9   chromedriver                        0x0000000102cc0818 cxxbridge1$str$ptr + 2528192
10  chromedriver                        0x0000000102c92f2c cxxbridge1$str$ptr + 2341588
11  chromedriver                        0x0000000102cdca60 cxxbridge1$str$ptr + 2643464
12  chromedriver                        0x0000000102cdcbe8 cxxbridge1$str$ptr + 2643856
13  chromedriver                        0x0000000102cec5a8 cxxbridge1$str$ptr + 2707792
14  libsystem_pthread.dylib             0x0000000192bd72e4 _pthread_start + 136
15  libsystem_pthread.dylib             0x0000000192bd20fc thread_start + 8

2025-02-28 20:34:31,502 - INFO - Scraping organization: https://summerofcode.withgoogle.com/programs/2025/organizations/lablua
2025-02-28 20:34:32,635 - INFO - Scraping organization: https://summerofcode.withgoogle.com/programs/2025/organizations/owasp-foundation
2025-02-28 20:34:33,775 - WARNING - Contributor Guidance not found on https://summerofcode.withgoogle.com/programs/2025/organizations/owasp-foundation: Message: no such element: Unable to locate element: {"method":"xpath","selector":"//div[contains(@class, 'title') and contains(text(), 'Contributor Guidance')]/following-sibling::div[contains(@class, 'link-wrapper')]//a"}
  (Session info: chrome=133.0.6943.142); For documentation on this error, please visit: https://www.selenium.dev/documentation/webdriver/troubleshooting/errors#no-such-element-exception
Stacktrace:
0   chromedriver                        0x0000000102cf42d4 cxxbridge1$str$ptr + 2739836
1   chromedriver                        0x0000000102cec934 cxxbridge1$str$ptr + 2708700
2   chromedriver                        0x000000010284df90 cxxbridge1$string$len + 93360
3   chromedriver                        0x0000000102894de4 cxxbridge1$string$len + 383748
4   chromedriver                        0x00000001028d5e80 cxxbridge1$string$len + 650144
5   chromedriver                        0x0000000102889060 cxxbridge1$string$len + 335232
6   chromedriver                        0x0000000102cbcc38 cxxbridge1$str$ptr + 2512864
7   chromedriver                        0x0000000102cbff58 cxxbridge1$str$ptr + 2525952
8   chromedriver                        0x0000000102ca2578 cxxbridge1$str$ptr + 2404640
9   chromedriver                        0x0000000102cc0818 cxxbridge1$str$ptr + 2528192
10  chromedriver                        0x0000000102c92f2c cxxbridge1$str$ptr + 2341588
11  chromedriver                        0x0000000102cdca60 cxxbridge1$str$ptr + 2643464
12  chromedriver                        0x0000000102cdcbe8 cxxbridge1$str$ptr + 2643856
13  chromedriver                        0x0000000102cec5a8 cxxbridge1$str$ptr + 2707792
14  libsystem_pthread.dylib             0x0000000192bd72e4 _pthread_start + 136
15  libsystem_pthread.dylib             0x0000000192bd20fc thread_start + 8

2025-02-28 20:34:33,804 - INFO - Scraping organization: https://summerofcode.withgoogle.com/programs/2025/organizations/json-schema
2025-02-28 20:34:34,917 - INFO - Scraping organization: https://summerofcode.withgoogle.com/programs/2025/organizations/open-healthcare-network
2025-02-28 20:34:36,086 - INFO - Scraping organization: https://summerofcode.withgoogle.com/programs/2025/organizations/typelevel
2025-02-28 20:34:37,375 - INFO - Scraping organization: https://summerofcode.withgoogle.com/programs/2025/organizations/open-science-labs
2025-02-28 20:34:38,528 - INFO - Scraping organization: https://summerofcode.withgoogle.com/programs/2025/organizations/internet-health-report
2025-02-28 20:34:39,749 - INFO - Scraping organization: https://summerofcode.withgoogle.com/programs/2025/organizations/drupal-association
2025-02-28 20:34:40,941 - INFO - Scraping organization: https://summerofcode.withgoogle.com/programs/2025/organizations/dart
2025-02-28 20:34:42,087 - INFO - Scraping organization: https://summerofcode.withgoogle.com/programs/2025/organizations/osgeo-open-source-geospatial-foundation
2025-02-28 20:34:43,270 - INFO - Scraping organization: https://summerofcode.withgoogle.com/programs/2025/organizations/sugar-labs
2025-02-28 20:34:44,401 - INFO - Scraping organization: https://summerofcode.withgoogle.com/programs/2025/organizations/stichting-su2
2025-02-28 20:34:45,535 - INFO - Scraping organization: https://summerofcode.withgoogle.com/programs/2025/organizations/openafs
2025-02-28 20:34:46,654 - INFO - Scraping organization: https://summerofcode.withgoogle.com/programs/2025/organizations/videolan
2025-02-28 20:34:47,863 - INFO - Scraping organization: https://summerofcode.withgoogle.com/programs/2025/organizations/kiwix
2025-02-28 20:34:48,990 - INFO - Scraping organization: https://summerofcode.withgoogle.com/programs/2025/organizations/ardupilot
2025-02-28 20:34:50,164 - INFO - Scraping organization: https://summerofcode.withgoogle.com/programs/2025/organizations/debian
2025-02-28 20:34:51,377 - INFO - Scraping organization: https://summerofcode.withgoogle.com/programs/2025/organizations/mit-app-inventor
2025-02-28 20:34:52,640 - INFO - Scraping organization: https://summerofcode.withgoogle.com/programs/2025/organizations/invesalius
2025-02-28 20:34:53,819 - INFO - Scraping organization: https://summerofcode.withgoogle.com/programs/2025/organizations/openwisp
2025-02-28 20:34:54,988 - INFO - Scraping organization: https://summerofcode.withgoogle.com/programs/2025/organizations/openelis-global
2025-02-28 20:34:56,203 - INFO - Scraping organization: https://summerofcode.withgoogle.com/programs/2025/organizations/internet-archive
2025-02-28 20:34:57,809 - WARNING - Contributor Guidance not found on https://summerofcode.withgoogle.com/programs/2025/organizations/internet-archive: Message: no such element: Unable to locate element: {"method":"xpath","selector":"//div[contains(@class, 'title') and contains(text(), 'Contributor Guidance')]/following-sibling::div[contains(@class, 'link-wrapper')]//a"}
  (Session info: chrome=133.0.6943.142); For documentation on this error, please visit: https://www.selenium.dev/documentation/webdriver/troubleshooting/errors#no-such-element-exception
Stacktrace:
0   chromedriver                        0x0000000102cf42d4 cxxbridge1$str$ptr + 2739836
1   chromedriver                        0x0000000102cec934 cxxbridge1$str$ptr + 2708700
2   chromedriver                        0x000000010284df90 cxxbridge1$string$len + 93360
3   chromedriver                        0x0000000102894de4 cxxbridge1$string$len + 383748
4   chromedriver                        0x00000001028d5e80 cxxbridge1$string$len + 650144
5   chromedriver                        0x0000000102889060 cxxbridge1$string$len + 335232
6   chromedriver                        0x0000000102cbcc38 cxxbridge1$str$ptr + 2512864
7   chromedriver                        0x0000000102cbff58 cxxbridge1$str$ptr + 2525952
8   chromedriver                        0x0000000102ca2578 cxxbridge1$str$ptr + 2404640
9   chromedriver                        0x0000000102cc0818 cxxbridge1$str$ptr + 2528192
10  chromedriver                        0x0000000102c92f2c cxxbridge1$str$ptr + 2341588
11  chromedriver                        0x0000000102cdca60 cxxbridge1$str$ptr + 2643464
12  chromedriver                        0x0000000102cdcbe8 cxxbridge1$str$ptr + 2643856
13  chromedriver                        0x0000000102cec5a8 cxxbridge1$str$ptr + 2707792
14  libsystem_pthread.dylib             0x0000000192bd72e4 _pthread_start + 136
15  libsystem_pthread.dylib             0x0000000192bd20fc thread_start + 8

2025-02-28 20:34:57,838 - INFO - Scraping organization: https://summerofcode.withgoogle.com/programs/2025/organizations/open-food-facts
2025-02-28 20:34:58,956 - INFO - Scraping organization: https://summerofcode.withgoogle.com/programs/2025/organizations/fossasia-bg
2025-02-28 20:35:00,150 - INFO - Scraping organization: https://summerofcode.withgoogle.com/programs/2025/organizations/cern-hsf
2025-02-28 20:35:01,354 - INFO - Scraping organization: https://summerofcode.withgoogle.com/programs/2025/organizations/oppia-foundation
2025-02-28 20:35:02,492 - INFO - Scraping organization: https://summerofcode.withgoogle.com/programs/2025/organizations/software-and-computational-systems-lab-at-lmu-munich
2025-02-28 20:35:03,610 - INFO - Scraping organization: https://summerofcode.withgoogle.com/programs/2025/organizations/stdlib
2025-02-28 20:35:04,787 - INFO - Scraping organization: https://summerofcode.withgoogle.com/programs/2025/organizations/uramaki-lab
2025-02-28 20:35:06,102 - INFO - Scraping organization: https://summerofcode.withgoogle.com/programs/2025/organizations/asyncapi
2025-02-28 20:35:07,198 - INFO - Scraping organization: https://summerofcode.withgoogle.com/programs/2025/organizations/neuroinformatics-unit
2025-02-28 20:35:08,369 - INFO - Scraping organization: https://summerofcode.withgoogle.com/programs/2025/organizations/kotlin-foundation
2025-02-28 20:35:09,588 - INFO - Scraping organization: https://summerofcode.withgoogle.com/programs/2025/organizations/open-climate-fix
2025-02-28 20:35:10,742 - INFO - Scraping organization: https://summerofcode.withgoogle.com/programs/2025/organizations/sagemath
2025-02-28 20:35:11,866 - INFO - Scraping organization: https://summerofcode.withgoogle.com/programs/2025/organizations/brl-cad
2025-02-28 20:35:13,023 - INFO - Scraping organization: https://summerofcode.withgoogle.com/programs/2025/organizations/metabrainz-foundation-inc
2025-02-28 20:35:14,166 - INFO - Scraping organization: https://summerofcode.withgoogle.com/programs/2025/organizations/unikraft
2025-02-28 20:35:15,305 - INFO - Scraping organization: https://summerofcode.withgoogle.com/programs/2025/organizations/gnu-octave
2025-02-28 20:35:16,436 - INFO - Scraping organization: https://summerofcode.withgoogle.com/programs/2025/organizations/chromium-lj
2025-02-28 20:35:17,566 - INFO - Scraping organization: https://summerofcode.withgoogle.com/programs/2025/organizations/numfocus
2025-02-28 20:35:18,704 - INFO - Scraping organization: https://summerofcode.withgoogle.com/programs/2025/organizations/electron
2025-02-28 20:35:19,859 - INFO - Scraping organization: https://summerofcode.withgoogle.com/programs/2025/organizations/cncf
2025-02-28 20:35:20,999 - INFO - Scraping organization: https://summerofcode.withgoogle.com/programs/2025/organizations/ioos
2025-02-28 20:35:22,221 - INFO - Scraping organization: https://summerofcode.withgoogle.com/programs/2025/organizations/openmrs
2025-02-28 20:35:23,344 - INFO - Scraping organization: https://summerofcode.withgoogle.com/programs/2025/organizations/dora-rs-tb
2025-02-28 20:35:24,483 - INFO - Scraping organization: https://summerofcode.withgoogle.com/programs/2025/organizations/aossie
2025-02-28 20:35:25,647 - INFO - Scraping organization: https://summerofcode.withgoogle.com/programs/2025/organizations/kro-kube-resource-orchestrator
2025-02-28 20:35:26,798 - INFO - Scraping organization: https://summerofcode.withgoogle.com/programs/2025/organizations/ankidroid
2025-02-28 20:35:27,954 - INFO - Scraping organization: https://summerofcode.withgoogle.com/programs/2025/organizations/cgal-project
2025-02-28 20:35:29,298 - INFO - Scraping organization: https://summerofcode.withgoogle.com/programs/2025/organizations/open-technologies-alliance-gfoss
2025-02-28 20:35:30,472 - INFO - Scraping organization: https://summerofcode.withgoogle.com/programs/2025/organizations/ffmpeg
2025-02-28 20:35:31,670 - INFO - Scraping organization: https://summerofcode.withgoogle.com/programs/2025/organizations/opencv
2025-02-28 20:35:32,847 - INFO - Scraping organization: https://summerofcode.withgoogle.com/programs/2025/organizations/gnss-sdr
2025-02-28 20:35:33,986 - INFO - Scraping organization: https://summerofcode.withgoogle.com/programs/2025/organizations/plone-foundation
2025-02-28 20:35:35,092 - WARNING - Contributor Guidance not found on https://summerofcode.withgoogle.com/programs/2025/organizations/plone-foundation: Message: no such element: Unable to locate element: {"method":"xpath","selector":"//div[contains(@class, 'title') and contains(text(), 'Contributor Guidance')]/following-sibling::div[contains(@class, 'link-wrapper')]//a"}
  (Session info: chrome=133.0.6943.142); For documentation on this error, please visit: https://www.selenium.dev/documentation/webdriver/troubleshooting/errors#no-such-element-exception
Stacktrace:
0   chromedriver                        0x0000000102cf42d4 cxxbridge1$str$ptr + 2739836
1   chromedriver                        0x0000000102cec934 cxxbridge1$str$ptr + 2708700
2   chromedriver                        0x000000010284df90 cxxbridge1$string$len + 93360
3   chromedriver                        0x0000000102894de4 cxxbridge1$string$len + 383748
4   chromedriver                        0x00000001028d5e80 cxxbridge1$string$len + 650144
5   chromedriver                        0x0000000102889060 cxxbridge1$string$len + 335232
6   chromedriver                        0x0000000102cbcc38 cxxbridge1$str$ptr + 2512864
7   chromedriver                        0x0000000102cbff58 cxxbridge1$str$ptr + 2525952
8   chromedriver                        0x0000000102ca2578 cxxbridge1$str$ptr + 2404640
9   chromedriver                        0x0000000102cc0818 cxxbridge1$str$ptr + 2528192
10  chromedriver                        0x0000000102c92f2c cxxbridge1$str$ptr + 2341588
11  chromedriver                        0x0000000102cdca60 cxxbridge1$str$ptr + 2643464
12  chromedriver                        0x0000000102cdcbe8 cxxbridge1$str$ptr + 2643856
13  chromedriver                        0x0000000102cec5a8 cxxbridge1$str$ptr + 2707792
14  libsystem_pthread.dylib             0x0000000192bd72e4 _pthread_start + 136
15  libsystem_pthread.dylib             0x0000000192bd20fc thread_start + 8

2025-02-28 20:35:35,121 - INFO - Scraping organization: https://summerofcode.withgoogle.com/programs/2025/organizations/d-language-foundation
2025-02-28 20:35:36,306 - INFO - Scraping organization: https://summerofcode.withgoogle.com/programs/2025/organizations/rocketchat
2025-02-28 20:35:37,504 - INFO - Scraping organization: https://summerofcode.withgoogle.com/programs/2025/organizations/keploy
2025-02-28 20:35:38,688 - INFO - Scraping organization: https://summerofcode.withgoogle.com/programs/2025/organizations/unicode-inc
2025-02-28 20:35:40,047 - INFO - Scraping organization: https://summerofcode.withgoogle.com/programs/2025/organizations/the-palisadoes-foundation
2025-02-28 20:35:41,169 - INFO - Scraping organization: https://summerofcode.withgoogle.com/programs/2025/organizations/kornia
2025-02-28 20:35:42,836 - INFO - Scraping organization: https://summerofcode.withgoogle.com/programs/2025/organizations/stear-group
2025-02-28 20:35:44,564 - INFO - Scraping organization: https://summerofcode.withgoogle.com/programs/2025/organizations/sw360
2025-02-28 20:35:45,738 - INFO - Scraping organization: https://summerofcode.withgoogle.com/programs/2025/organizations/meshery
2025-02-28 20:35:47,053 - INFO - Scraping organization: https://summerofcode.withgoogle.com/programs/2025/organizations/qemu
2025-02-28 20:35:48,266 - INFO - Scraping organization: https://summerofcode.withgoogle.com/programs/2025/organizations/humanai
2025-02-28 20:35:49,483 - WARNING - Contributor Guidance not found on https://summerofcode.withgoogle.com/programs/2025/organizations/humanai: Message: no such element: Unable to locate element: {"method":"xpath","selector":"//div[contains(@class, 'title') and contains(text(), 'Contributor Guidance')]/following-sibling::div[contains(@class, 'link-wrapper')]//a"}
  (Session info: chrome=133.0.6943.142); For documentation on this error, please visit: https://www.selenium.dev/documentation/webdriver/troubleshooting/errors#no-such-element-exception
Stacktrace:
0   chromedriver                        0x0000000102cf42d4 cxxbridge1$str$ptr + 2739836
1   chromedriver                        0x0000000102cec934 cxxbridge1$str$ptr + 2708700
2   chromedriver                        0x000000010284df90 cxxbridge1$string$len + 93360
3   chromedriver                        0x0000000102894de4 cxxbridge1$string$len + 383748
4   chromedriver                        0x00000001028d5e80 cxxbridge1$string$len + 650144
5   chromedriver                        0x0000000102889060 cxxbridge1$string$len + 335232
6   chromedriver                        0x0000000102cbcc38 cxxbridge1$str$ptr + 2512864
7   chromedriver                        0x0000000102cbff58 cxxbridge1$str$ptr + 2525952
8   chromedriver                        0x0000000102ca2578 cxxbridge1$str$ptr + 2404640
9   chromedriver                        0x0000000102cc0818 cxxbridge1$str$ptr + 2528192
10  chromedriver                        0x0000000102c92f2c cxxbridge1$str$ptr + 2341588
11  chromedriver                        0x0000000102cdca60 cxxbridge1$str$ptr + 2643464
12  chromedriver                        0x0000000102cdcbe8 cxxbridge1$str$ptr + 2643856
13  chromedriver                        0x0000000102cec5a8 cxxbridge1$str$ptr + 2707792
14  libsystem_pthread.dylib             0x0000000192bd72e4 _pthread_start + 136
15  libsystem_pthread.dylib             0x0000000192bd20fc thread_start + 8

2025-02-28 20:35:49,513 - INFO - Scraping organization: https://summerofcode.withgoogle.com/programs/2025/organizations/beagleboardorg
2025-02-28 20:35:50,678 - INFO - Scraping organization: https://summerofcode.withgoogle.com/programs/2025/organizations/graphite
2025-02-28 20:35:51,902 - INFO - Scraping organization: https://summerofcode.withgoogle.com/programs/2025/organizations/the-julia-language
2025-02-28 20:35:53,070 - INFO - Scraping organization: https://summerofcode.withgoogle.com/programs/2025/organizations/zulip
2025-02-28 20:35:54,332 - INFO - Scraping organization: https://summerofcode.withgoogle.com/programs/2025/organizations/freifunk
2025-02-28 20:35:55,541 - INFO - Scraping organization: https://summerofcode.withgoogle.com/programs/2025/organizations/jax-and-keras
2025-02-28 20:35:56,638 - WARNING - Contributor Guidance not found on https://summerofcode.withgoogle.com/programs/2025/organizations/jax-and-keras: Message: no such element: Unable to locate element: {"method":"xpath","selector":"//div[contains(@class, 'title') and contains(text(), 'Contributor Guidance')]/following-sibling::div[contains(@class, 'link-wrapper')]//a"}
  (Session info: chrome=133.0.6943.142); For documentation on this error, please visit: https://www.selenium.dev/documentation/webdriver/troubleshooting/errors#no-such-element-exception
Stacktrace:
0   chromedriver                        0x0000000102cf42d4 cxxbridge1$str$ptr + 2739836
1   chromedriver                        0x0000000102cec934 cxxbridge1$str$ptr + 2708700
2   chromedriver                        0x000000010284df90 cxxbridge1$string$len + 93360
3   chromedriver                        0x0000000102894de4 cxxbridge1$string$len + 383748
4   chromedriver                        0x00000001028d5e80 cxxbridge1$string$len + 650144
5   chromedriver                        0x0000000102889060 cxxbridge1$string$len + 335232
6   chromedriver                        0x0000000102cbcc38 cxxbridge1$str$ptr + 2512864
7   chromedriver                        0x0000000102cbff58 cxxbridge1$str$ptr + 2525952
8   chromedriver                        0x0000000102ca2578 cxxbridge1$str$ptr + 2404640
9   chromedriver                        0x0000000102cc0818 cxxbridge1$str$ptr + 2528192
10  chromedriver                        0x0000000102c92f2c cxxbridge1$str$ptr + 2341588
11  chromedriver                        0x0000000102cdca60 cxxbridge1$str$ptr + 2643464
12  chromedriver                        0x0000000102cdcbe8 cxxbridge1$str$ptr + 2643856
13  chromedriver                        0x0000000102cec5a8 cxxbridge1$str$ptr + 2707792
14  libsystem_pthread.dylib             0x0000000192bd72e4 _pthread_start + 136
15  libsystem_pthread.dylib             0x0000000192bd20fc thread_start + 8

2025-02-28 20:35:56,665 - INFO - Scraping organization: https://summerofcode.withgoogle.com/programs/2025/organizations/society-for-arts-and-technology-sat
2025-02-28 20:35:57,898 - INFO - Data saved to scraped_data.csv
2025-02-28 20:35:58,160 - INFO - Browser closed.
2025-02-28 20:35:58,160 - INFO - Scraping complete!
